<?xml version="1.0" encoding="UTF-8"?>
<!-- Generated by org.testng.reporters.JUnitXMLReporter -->
<testsuite hostname="DDC2-D-6NXQ9B2" ignored="1" name="Tc_01" tests="2" failures="0" timestamp="19 Jul 2019 11:23:07 GMT" time="0.047" errors="0">
  <testcase name="method1" time="0.016" classname="mydemo_01.mydemo_01.Testdemo1_05"/>
  <testcase name="method3" time="0.0" classname="mydemo_01.mydemo_01.Testdemo1_05"/>
  <testcase name="method2" time="0.0" classname="mydemo_01.mydemo_01.Testdemo1_05">
    <ignored/>
  </testcase> <!-- method2 -->
</testsuite> <!-- Tc_01 -->
