<?xml version="1.0" encoding="UTF-8"?>
<!-- Generated by org.testng.reporters.JUnitXMLReporter -->
<testsuite hostname="DDC2-D-6NXQ9B2" ignored="0" name="Tc_02" tests="6" failures="0" timestamp="19 Jul 2019 11:23:07 GMT" time="0.031" errors="0">
  <testcase name="method1" time="0.0" classname="mydemo_01.mydemo_01.Testdemo1_05"/>
  <testcase name="method2" time="0.016" classname="mydemo_01.mydemo_01.Testdemo1_05"/>
  <testcase name="method3" time="0.0" classname="mydemo_01.mydemo_01.Testdemo1_05"/>
  <testcase name="method4" time="0.0" classname="mydemo_01.mydemo_01.Testdemo2_05"/>
  <testcase name="method5" time="0.0" classname="mydemo_01.mydemo_01.Testdemo2_05"/>
  <testcase name="method6" time="0.0" classname="mydemo_01.mydemo_01.Testdemo2_05"/>
</testsuite> <!-- Tc_02 -->
